Сборка начата 24.03.2024 17:34:10.
Уровень детализации журнала: Normal.     1>Проект "C:\уник\AISD-2-SEM\3\1\3\3.vcxproj" в узле 2 (целевые объекты Build).
     1>InitializeBuildStatus:
         Создание "x64\Debug\3.tlog\unsuccessfulbuild", так как было задано "AlwaysCreate".
         Обращение к "x64\Debug\3.tlog\unsuccessfulbuild".
       ClCompile:
         C:\Program Files\Microsoft Visual Studio\2022\Professional\VC\Tools\MSVC\14.37.32822\bin\HostX64\x64\CL.exe /c /ZI /JMC /nologo /W3 /WX- /diagnostics:column /sdl /Od /D _DEBUG /D _CONSOLE /D _UNICODE /D UNICODE /Gm- /EHsc /RTC1 /MDd /GS /fp:precise /Zc:wchar_t /Zc:forScope /Zc:inline /permissive- /Fo"x64\Debug\\" /Fd"x64\Debug\vc143.pdb" /external:W3 /Gd /TP /FC /errorReport:prompt Source.cpp
         Source.cpp
     1>C:\уник\AISD-2-SEM\3\1\3\Source.cpp(96,51): warning C4101: time_fast: неиспользованная локальная переменная
     1>C:\уник\AISD-2-SEM\3\1\3\Source.cpp(96,9): warning C4101: time_bubble: неиспользованная локальная переменная
     1>C:\уник\AISD-2-SEM\3\1\3\Source.cpp(96,22): warning C4101: time_shaker: неиспользованная локальная переменная
     1>C:\уник\AISD-2-SEM\3\1\3\Source.cpp(96,35): warning C4101: time_selection: неиспользованная локальная переменная
     1>C:\уник\AISD-2-SEM\3\1\3\Source.cpp(94,7): warning C4101: n: неиспользованная локальная переменная
       Link:
         C:\Program Files\Microsoft Visual Studio\2022\Professional\VC\Tools\MSVC\14.37.32822\bin\HostX64\x64\link.exe /ERRORREPORT:PROMPT /OUT:"C:\уник\AISD-2-SEM\3\1\x64\Debug\3.exe" /INCREMENTAL /ILK:"x64\Debug\3.ilk" /NOLOGO kernel32.lib user32.lib gdi32.lib winspool.lib comdlg32.lib advapi32.lib shell32.lib ole32.lib oleaut32.lib uuid.lib odbc32.lib odbccp32.lib /MANIFEST /MANIFESTUAC:"level='asInvoker' uiAccess='false'" /manifest:embed /DEBUG /PDB:"C:\уник\AISD-2-SEM\3\1\x64\Debug\3.pdb" /SUBSYSTEM:CONSOLE /TLBID:1 /DYNAMICBASE /NXCOMPAT /IMPLIB:"C:\уник\AISD-2-SEM\3\1\x64\Debug\3.lib" /MACHINE:X64 x64\Debug\Source.obj
         3.vcxproj -> C:\уник\AISD-2-SEM\3\1\x64\Debug\3.exe
       FinalizeBuildStatus:
         Файл "x64\Debug\3.tlog\unsuccessfulbuild" удаляется.
         Обращение к "x64\Debug\3.tlog\3.lastbuildstate".
     1>Сборка проекта "C:\уник\AISD-2-SEM\3\1\3\3.vcxproj" завершена (целевые объекты Build).

Сборка успешно завершена.

       "C:\уник\AISD-2-SEM\3\1\3\3.vcxproj" (целевой объект Build ) (1) ->
       (Целевой объект ClCompile) -> 
         C:\уник\AISD-2-SEM\3\1\3\Source.cpp(96,51): warning C4101: time_fast: неиспользованная локальная переменная
         C:\уник\AISD-2-SEM\3\1\3\Source.cpp(96,9): warning C4101: time_bubble: неиспользованная локальная переменная
         C:\уник\AISD-2-SEM\3\1\3\Source.cpp(96,22): warning C4101: time_shaker: неиспользованная локальная переменная
         C:\уник\AISD-2-SEM\3\1\3\Source.cpp(96,35): warning C4101: time_selection: неиспользованная локальная переменная
         C:\уник\AISD-2-SEM\3\1\3\Source.cpp(94,7): warning C4101: n: неиспользованная локальная переменная

    Предупреждений: 5
    Ошибок: 0

Прошло времени 00:00:01.32
